[0714/142726.978:ERROR:minidumpwritedump_with_crashpad_info.cc(435)] Failed to call MiniDumpWriteDump: Only part of a ReadProcessMemory or WriteProcessMemory request was completed. (0x8007012B)
[0714/142726.987:ERROR:minidumpwritedump_with_crashpad_info.cc(592)] Failed to write minidump file
[0714/142726.987:ERROR:crash_report_exception_handler.cc(132)] TryMiniDumpWriteDumpWithCrashpadInfo failed
[0714/142726.992:ERROR:process_memory_win.cc(73)] ReadMemory at 0x1e9a7804fb0 of 72 bytes failed: Only part of a ReadProcessMemory or WriteProcessMemory request was completed. (0x12B)
[0714/142726.992:WARNING:pe_image_annotations_reader.cc(134)] could not read annotations list object in C:\Program Files (x86)\Microsoft\Edge\Application\83.0.478.61\msedge_elf.dll
[0714/142726.993:ERROR:process_memory_win.cc(73)] ReadMemory at 0x1e9a7f161e0 of 72 bytes failed: Only part of a ReadProcessMemory or WriteProcessMemory request was completed. (0x12B)
[0714/142726.993:WARNING:pe_image_annotations_reader.cc(134)] could not read annotations list object in C:\Program Files (x86)\Microsoft\Edge\Application\83.0.478.61\msedge.dll
[0714/142727.227:ERROR:process_memory_win.cc(73)] ReadMemory at 0x7ff62f720000 of 64 bytes failed: Only part of a ReadProcessMemory or WriteProcessMemory request was completed. (0x12B)
[0714/142727.227:WARNING:pe_image_reader.cc(340)] could not read dos header from C:\Program Files (x86)\Microsoft\Edge\Application\msedge.exe
[0714/142727.227:ERROR:process_memory_win.cc(73)] ReadMemory at 0x7ff896610000 of 64 bytes failed: Only part of a ReadProcessMemory or WriteProcessMemory request was completed. (0x12B)
[0714/142727.227:WARNING:pe_image_reader.cc(340)] could not read dos header from C:\WINDOWS\SYSTEM32\ntdll.dll
[0714/142727.227:ERROR:process_memory_win.cc(73)] ReadMemory at 0x7ff894850000 of 64 bytes failed: Only part of a ReadProcessMemory or WriteProcessMemory request was completed. (0x12B)
[0714/142727.227:WARNING:pe_image_reader.cc(340)] could not read dos header from C:\WINDOWS\System32\KERNEL32.DLL
[0714/142727.227:ERROR:process_memory_win.cc(73)] ReadMemory at 0x7ff893fa0000 of 64 bytes failed: Only part of a ReadProcessMemory or WriteProcessMemory request was completed. (0x12B)
[0714/142727.227:WARNING:pe_image_reader.cc(340)] could not read dos header from C:\WINDOWS\System32\KERNELBASE.dll
[0714/142727.227:ERROR:process_memory_win.cc(73)] ReadMemory at 0x7ff86ce60000 of 64 bytes failed: Only part of a ReadProcessMemory or WriteProcessMemory request was completed. (0x12B)
[0714/142727.227:WARNING:pe_image_reader.cc(340)] could not read dos header from C:\Program Files (x86)\Microsoft\Edge\Application\83.0.478.61\msedge_elf.dll
[0714/142727.227:ERROR:process_memory_win.cc(73)] ReadMemory at 0x7ff894920000 of 64 bytes failed: Only part of a ReadProcessMemory or WriteProcessMemory request was completed. (0x12B)
[0714/142727.227:WARNING:pe_image_reader.cc(340)] could not read dos header from C:\WINDOWS\System32\ADVAPI32.dll
[0714/142727.227:ERROR:process_memory_win.cc(73)] ReadMemory at 0x7ff894a70000 of 64 bytes failed: Only part of a ReadProcessMemory or WriteProcessMemory request was completed. (0x12B)
[0714/142727.227:WARNING:pe_image_reader.cc(340)] could not read dos header from C:\WINDOWS\System32\msvcrt.dll
[0714/142727.227:ERROR:process_memory_win.cc(73)] ReadMemory at 0x7ff8946e0000 of 64 bytes failed: Only part of a ReadProcessMemory or WriteProcessMemory request was completed. (0x12B)
[0714/142727.227:WARNING:pe_image_reader.cc(340)] could not read dos header from C:\WINDOWS\System32\sechost.dll
[0714/142727.227:ERROR:process_memory_win.cc(73)] ReadMemory at 0x7ff895660000 of 64 bytes failed: Only part of a ReadProcessMemory or WriteProcessMemory request was completed. (0x12B)
[0714/142727.227:WARNING:pe_image_reader.cc(340)] could not read dos header from C:\WINDOWS\System32\RPCRT4.dll
[0714/142727.227:ERROR:process_memory_win.cc(73)] ReadMemory at 0x7ff819df0000 of 64 bytes failed: Only part of a ReadProcessMemory or WriteProcessMemory request was completed. (0x12B)
[0714/142727.227:WARNING:pe_image_reader.cc(340)] could not read dos header from C:\Program Files (x86)\Microsoft\Edge\Application\83.0.478.61\msedge.dll
[0714/142727.227:ERROR:process_memory_win.cc(73)] ReadMemory at 0x7ff894b80000 of 64 bytes failed: Only part of a ReadProcessMemory or WriteProcessMemory request was completed. (0x12B)
[0714/142727.227:WARNING:pe_image_reader.cc(340)] could not read dos header from C:\WINDOWS\System32\WS2_32.dll
[0714/142727.227:ERROR:process_memory_win.cc(73)] ReadMemory at 0x7ff894780000 of 64 bytes failed: Only part of a ReadProcessMemory or WriteProcessMemory request was completed. (0x12B)
[0714/142727.227:WARNING:pe_image_reader.cc(340)] could not read dos header from C:\WINDOWS\System32\OLEAUT32.dll
[0714/142727.228:ERROR:process_memory_win.cc(73)] ReadMemory at 0x7ff894420000 of 64 bytes failed: Only part of a ReadProcessMemory or WriteProcessMemory request was completed. (0x12B)
[0714/142727.228:WARNING:pe_image_reader.cc(340)] could not read dos header from C:\WINDOWS\System32\msvcp_win.dll
[0714/142727.228:ERROR:process_memory_win.cc(73)] ReadMemory at 0x7ff893ea0000 of 64 bytes failed: Only part of a ReadProcessMemory or WriteProcessMemory request was completed. (0x12B)
[0714/142727.228:WARNING:pe_image_reader.cc(340)] could not read dos header from C:\WINDOWS\System32\ucrtbase.dll
[0714/142727.228:ERROR:process_memory_win.cc(73)] ReadMemory at 0x7ff8960f0000 of 64 bytes failed: Only part of a ReadProcessMemory or WriteProcessMemory request was completed. (0x12B)
[0714/142727.228:WARNING:pe_image_reader.cc(340)] could not read dos header from C:\WINDOWS\System32\combase.dll
[0714/142727.228:ERROR:process_memory_win.cc(73)] ReadMemory at 0x7ff893d60000 of 64 bytes failed: Only part of a ReadProcessMemory or WriteProcessMemory request was completed. (0x12B)
[0714/142727.228:WARNING:pe_image_reader.cc(340)] could not read dos header from C:\WINDOWS\System32\WINTRUST.dll
[0714/142727.228:ERROR:process_memory_win.cc(73)] ReadMemory at 0x7ff8942c0000 of 64 bytes failed: Only part of a ReadProcessMemory or WriteProcessMemory request was completed. (0x12B)
[0714/142727.228:WARNING:pe_image_reader.cc(340)] could not read dos header from C:\WINDOWS\System32\CRYPT32.dll
[0714/142727.228:ERROR:process_memory_win.cc(73)] ReadMemory at 0x7ff8931c0000 of 64 bytes failed: Only part of a ReadProcessMemory or WriteProcessMemory request was completed. (0x12B)
[0714/142727.228:WARNING:pe_image_reader.cc(340)] could not read dos header from C:\WINDOWS\SYSTEM32\IPHLPAPI.DLL
[0714/142727.228:ERROR:process_memory_win.cc(73)] ReadMemory at 0x7ff8816b0000 of 64 bytes failed: Only part of a ReadProcessMemory or WriteProcessMemory request was completed. (0x12B)
[0714/142727.228:WARNING:pe_image_reader.cc(340)] could not read dos header from C:\WINDOWS\SYSTEM32\WINMM.dll
[0714/142727.228:ERROR:process_memory_win.cc(73)] ReadMemory at 0x7ff87cf60000 of 64 bytes failed: Only part of a ReadProcessMemory or WriteProcessMemory request was completed. (0x12B)
[0714/142727.228:WARNING:pe_image_reader.cc(340)] could not read dos header from C:\WINDOWS\SYSTEM32\Secur32.dll
[0714/142727.228:ERROR:process_memory_win.cc(73)] ReadMemory at 0x7ff893c60000 of 64 bytes failed: Only part of a ReadProcessMemory or WriteProcessMemory request was completed. (0x12B)
[0714/142727.228:WARNING:pe_image_reader.cc(340)] could not read dos header from C:\WINDOWS\SYSTEM32\USERENV.dll
[0714/142727.228:ERROR:process_memory_win.cc(73)] ReadMemory at 0x7ff87fa80000 of 64 bytes failed: Only part of a ReadProcessMemory or WriteProcessMemory request was completed. (0x12B)
[0714/142727.228:WARNING:pe_image_reader.cc(340)] could not read dos header from C:\WINDOWS\SYSTEM32\UIAutomationCore.DLL
[0714/142727.228:ERROR:process_memory_win.cc(73)] ReadMemory at 0x7ff88adb0000 of 64 bytes failed: Only part of a ReadProcessMemory or WriteProcessMemory request was completed. (0x12B)
[0714/142727.228:WARNING:pe_image_reader.cc(340)] could not read dos header from C:\WINDOWS\SYSTEM32\WINHTTP.dll
[0714/142727.228:ERROR:process_memory_win.cc(73)] ReadMemory at 0x7ff882b70000 of 64 bytes failed: Only part of a ReadProcessMemory or WriteProcessMemory request was completed. (0x12B)
[0714/142727.228:WARNING:pe_image_reader.cc(340)] could not read dos header from C:\WINDOWS\SYSTEM32\DWrite.dll
[0714/142727.228:ERROR:process_memory_win.cc(73)] ReadMemory at 0x7ff85bb50000 of 64 bytes failed: Only part of a ReadProcessMemory or WriteProcessMemory request was completed. (0x12B)
[0714/142727.228:WARNING:pe_image_reader.cc(340)] could not read dos header from C:\WINDOWS\SYSTEM32\WINSPOOL.DRV
[0714/142727.228:ERROR:process_memory_win.cc(73)] ReadMemory at 0x7ff879030000 of 64 bytes failed: Only part of a ReadProcessMemory or WriteProcessMemory request was completed. (0x12B)
[0714/142727.228:WARNING:pe_image_reader.cc(340)] could not read dos header from C:\WINDOWS\SYSTEM32\dbghelp.dll
[0714/142727.229:ERROR:process_memory_win.cc(73)] ReadMemory at 0x7ff88c770000 of 64 bytes failed: Only part of a ReadProcessMemory or WriteProcessMemory request was completed. (0x12B)
[0714/142727.229:WARNING:pe_image_reader.cc(340)] could not read dos header from C:\WINDOWS\SYSTEM32\dhcpcsvc.DLL
[0714/142727.229:ERROR:process_memory_win.cc(73)] ReadMemory at 0x7ff88f9a0000 of 64 bytes failed: Only part of a ReadProcessMemory or WriteProcessMemory request was completed. (0x12B)
[0714/142727.229:WARNING:pe_image_reader.cc(340)] could not read dos header from C:\WINDOWS\SYSTEM32\PROPSYS.dll
[0714/142727.229:ERROR:process_memory_win.cc(73)] ReadMemory at 0x7ff893c20000 of 64 bytes failed: Only part of a ReadProcessMemory or WriteProcessMemory request was completed. (0x12B)
[0714/142727.229:WARNING:pe_image_reader.cc(340)] could not read dos header from C:\WINDOWS\SYSTEM32\SSPICLI.DLL
[0714/142727.229:ERROR:process_memory_win.cc(73)] ReadMemory at 0x7ff893960000 of 64 bytes failed: Only part of a ReadProcessMemory or WriteProcessMemory request was completed. (0x12B)
[0714/142727.229:WARNING:pe_image_reader.cc(340)] could not read dos header from C:\WINDOWS\System32\MSASN1.dll
[0714/142727.229:ERROR:process_memory_win.cc(73)] ReadMemory at 0x7ff894600000 of 64 bytes failed: Only part of a ReadProcessMemory or WriteProcessMemory request was completed. (0x12B)
[0714/142727.229:WARNING:pe_image_reader.cc(340)] could not read dos header from C:\WINDOWS\System32\bcryptPrimitives.dll
[0714/142727.229:ERROR:process_memory_win.cc(73)] ReadMemory at 0x7ff893680000 of 64 bytes failed: Only part of a ReadProcessMemory or WriteProcessMemory request was completed. (0x12B)
[0714/142727.229:WARNING:pe_image_reader.cc(340)] could not read dos header from C:\WINDOWS\SYSTEM32\CRYPTBASE.DLL
[0714/142727.229:ERROR:process_memory_win.cc(73)] ReadMemory at 0x7ff893ca0000 of 64 bytes failed: Only part of a ReadProcessMemory or WriteProcessMemory request was completed. (0x12B)
[0714/142727.229:WARNING:pe_image_reader.cc(340)] could not read dos header from C:\WINDOWS\System32\profapi.dll
[0714/142727.239:ERROR:process_memory_win.cc(73)] ReadMemory at 0x7ff62f720000 of 64 bytes failed: Only part of a ReadProcessMemory or WriteProcessMemory request was completed. (0x12B)
[0714/142727.239:WARNING:pe_image_reader.cc(340)] could not read dos header from C:\Program Files (x86)\Microsoft\Edge\Application\msedge.exe
[0714/142727.239:ERROR:process_memory_win.cc(73)] ReadMemory at 0x7ff896610000 of 64 bytes failed: Only part of a ReadProcessMemory or WriteProcessMemory request was completed. (0x12B)
[0714/142727.239:WARNING:pe_image_reader.cc(340)] could not read dos header from C:\WINDOWS\SYSTEM32\ntdll.dll
[0714/142727.239:ERROR:process_memory_win.cc(73)] ReadMemory at 0x7ff894850000 of 64 bytes failed: Only part of a ReadProcessMemory or WriteProcessMemory request was completed. (0x12B)
[0714/142727.239:WARNING:pe_image_reader.cc(340)] could not read dos header from C:\WINDOWS\System32\KERNEL32.DLL
[0714/142727.239:ERROR:process_memory_win.cc(73)] ReadMemory at 0x7ff893fa0000 of 64 bytes failed: Only part of a ReadProcessMemory or WriteProcessMemory request was completed. (0x12B)
[0714/142727.239:WARNING:pe_image_reader.cc(340)] could not read dos header from C:\WINDOWS\System32\KERNELBASE.dll
[0714/142727.239:ERROR:process_memory_win.cc(73)] ReadMemory at 0x7ff86ce60000 of 64 bytes failed: Only part of a ReadProcessMemory or WriteProcessMemory request was completed. (0x12B)
[0714/142727.239:WARNING:pe_image_reader.cc(340)] could not read dos header from C:\Program Files (x86)\Microsoft\Edge\Application\83.0.478.61\msedge_elf.dll
[0714/142727.239:ERROR:process_memory_win.cc(73)] ReadMemory at 0x7ff894920000 of 64 bytes failed: Only part of a ReadProcessMemory or WriteProcessMemory request was completed. (0x12B)
[0714/142727.239:WARNING:pe_image_reader.cc(340)] could not read dos header from C:\WINDOWS\System32\ADVAPI32.dll
[0714/142727.239:ERROR:process_memory_win.cc(73)] ReadMemory at 0x7ff894a70000 of 64 bytes failed: Only part of a ReadProcessMemory or WriteProcessMemory request was completed. (0x12B)
[0714/142727.240:WARNING:pe_image_reader.cc(340)] could not read dos header from C:\WINDOWS\System32\msvcrt.dll
[0714/142727.240:ERROR:process_memory_win.cc(73)] ReadMemory at 0x7ff8946e0000 of 64 bytes failed: Only part of a ReadProcessMemory or WriteProcessMemory request was completed. (0x12B)
[0714/142727.240:WARNING:pe_image_reader.cc(340)] could not read dos header from C:\WINDOWS\System32\sechost.dll
[0714/142727.240:ERROR:process_memory_win.cc(73)] ReadMemory at 0x7ff895660000 of 64 bytes failed: Only part of a ReadProcessMemory or WriteProcessMemory request was completed. (0x12B)
[0714/142727.240:WARNING:pe_image_reader.cc(340)] could not read dos header from C:\WINDOWS\System32\RPCRT4.dll
[0714/142727.240:ERROR:process_memory_win.cc(73)] ReadMemory at 0x7ff819df0000 of 64 bytes failed: Only part of a ReadProcessMemory or WriteProcessMemory request was completed. (0x12B)
[0714/142727.240:WARNING:pe_image_reader.cc(340)] could not read dos header from C:\Program Files (x86)\Microsoft\Edge\Application\83.0.478.61\msedge.dll
[0714/142727.240:ERROR:process_memory_win.cc(73)] ReadMemory at 0x7ff894b80000 of 64 bytes failed: Only part of a ReadProcessMemory or WriteProcessMemory request was completed. (0x12B)
[0714/142727.240:WARNING:pe_image_reader.cc(340)] could not read dos header from C:\WINDOWS\System32\WS2_32.dll
[0714/142727.240:ERROR:process_memory_win.cc(73)] ReadMemory at 0x7ff894780000 of 64 bytes failed: Only part of a ReadProcessMemory or WriteProcessMemory request was completed. (0x12B)
[0714/142727.240:WARNING:pe_image_reader.cc(340)] could not read dos header from C:\WINDOWS\System32\OLEAUT32.dll
[0714/142727.240:ERROR:process_memory_win.cc(73)] ReadMemory at 0x7ff894420000 of 64 bytes failed: Only part of a ReadProcessMemory or WriteProcessMemory request was completed. (0x12B)
[0714/142727.240:WARNING:pe_image_reader.cc(340)] could not read dos header from C:\WINDOWS\System32\msvcp_win.dll
[0714/142727.240:ERROR:process_memory_win.cc(73)] ReadMemory at 0x7ff893ea0000 of 64 bytes failed: Only part of a ReadProcessMemory or WriteProcessMemory request was completed. (0x12B)
[0714/142727.240:WARNING:pe_image_reader.cc(340)] could not read dos header from C:\WINDOWS\System32\ucrtbase.dll
[0714/142727.240:ERROR:process_memory_win.cc(73)] ReadMemory at 0x7ff8960f0000 of 64 bytes failed: Only part of a ReadProcessMemory or WriteProcessMemory request was completed. (0x12B)
[0714/142727.240:WARNING:pe_image_reader.cc(340)] could not read dos header from C:\WINDOWS\System32\combase.dll
[0714/142727.240:ERROR:process_memory_win.cc(73)] ReadMemory at 0x7ff893d60000 of 64 bytes failed: Only part of a ReadProcessMemory or WriteProcessMemory request was completed. (0x12B)
[0714/142727.240:WARNING:pe_image_reader.cc(340)] could not read dos header from C:\WINDOWS\System32\WINTRUST.dll
[0714/142727.240:ERROR:process_memory_win.cc(73)] ReadMemory at 0x7ff8942c0000 of 64 bytes failed: Only part of a ReadProcessMemory or WriteProcessMemory request was completed. (0x12B)
[0714/142727.240:WARNING:pe_image_reader.cc(340)] could not read dos header from C:\WINDOWS\System32\CRYPT32.dll
[0714/142727.240:ERROR:process_memory_win.cc(73)] ReadMemory at 0x7ff8931c0000 of 64 bytes failed: Only part of a ReadProcessMemory or WriteProcessMemory request was completed. (0x12B)
[0714/142727.240:WARNING:pe_image_reader.cc(340)] could not read dos header from C:\WINDOWS\SYSTEM32\IPHLPAPI.DLL
[0714/142727.240:ERROR:process_memory_win.cc(73)] ReadMemory at 0x7ff8816b0000 of 64 bytes failed: Only part of a ReadProcessMemory or WriteProcessMemory request was completed. (0x12B)
[0714/142727.241:WARNING:pe_image_reader.cc(340)] could not read dos header from C:\WINDOWS\SYSTEM32\WINMM.dll
[0714/142727.241:ERROR:process_memory_win.cc(73)] ReadMemory at 0x7ff87cf60000 of 64 bytes failed: Only part of a ReadProcessMemory or WriteProcessMemory request was completed. (0x12B)
[0714/142727.241:WARNING:pe_image_reader.cc(340)] could not read dos header from C:\WINDOWS\SYSTEM32\Secur32.dll
[0714/142727.241:ERROR:process_memory_win.cc(73)] ReadMemory at 0x7ff893c60000 of 64 bytes failed: Only part of a ReadProcessMemory or WriteProcessMemory request was completed. (0x12B)
[0714/142727.241:WARNING:pe_image_reader.cc(340)] could not read dos header from C:\WINDOWS\SYSTEM32\USERENV.dll
[0714/142727.241:ERROR:process_memory_win.cc(73)] ReadMemory at 0x7ff87fa80000 of 64 bytes failed: Only part of a ReadProcessMemory or WriteProcessMemory request was completed. (0x12B)
[0714/142727.241:WARNING:pe_image_reader.cc(340)] could not read dos header from C:\WINDOWS\SYSTEM32\UIAutomationCore.DLL
[0714/142727.241:ERROR:process_memory_win.cc(73)] ReadMemory at 0x7ff88adb0000 of 64 bytes failed: Only part of a ReadProcessMemory or WriteProcessMemory request was completed. (0x12B)
[0714/142727.241:WARNING:pe_image_reader.cc(340)] could not read dos header from C:\WINDOWS\SYSTEM32\WINHTTP.dll
[0714/142727.241:ERROR:process_memory_win.cc(73)] ReadMemory at 0x7ff882b70000 of 64 bytes failed: Only part of a ReadProcessMemory or WriteProcessMemory request was completed. (0x12B)
[0714/142727.241:WARNING:pe_image_reader.cc(340)] could not read dos header from C:\WINDOWS\SYSTEM32\DWrite.dll
[0714/142727.241:ERROR:process_memory_win.cc(73)] ReadMemory at 0x7ff85bb50000 of 64 bytes failed: Only part of a ReadProcessMemory or WriteProcessMemory request was completed. (0x12B)
[0714/142727.241:WARNING:pe_image_reader.cc(340)] could not read dos header from C:\WINDOWS\SYSTEM32\WINSPOOL.DRV
[0714/142727.241:ERROR:process_memory_win.cc(73)] ReadMemory at 0x7ff879030000 of 64 bytes failed: Only part of a ReadProcessMemory or WriteProcessMemory request was completed. (0x12B)
[0714/142727.241:WARNING:pe_image_reader.cc(340)] could not read dos header from C:\WINDOWS\SYSTEM32\dbghelp.dll
[0714/142727.242:ERROR:process_memory_win.cc(73)] ReadMemory at 0x7ff88c770000 of 64 bytes failed: Only part of a ReadProcessMemory or WriteProcessMemory request was completed. (0x12B)
[0714/142727.242:WARNING:pe_image_reader.cc(340)] could not read dos header from C:\WINDOWS\SYSTEM32\dhcpcsvc.DLL
[0714/142727.242:ERROR:process_memory_win.cc(73)] ReadMemory at 0x7ff88f9a0000 of 64 bytes failed: Only part of a ReadProcessMemory or WriteProcessMemory request was completed. (0x12B)
[0714/142727.242:WARNING:pe_image_reader.cc(340)] could not read dos header from C:\WINDOWS\SYSTEM32\PROPSYS.dll
[0714/142727.242:ERROR:process_memory_win.cc(73)] ReadMemory at 0x7ff893c20000 of 64 bytes failed: Only part of a ReadProcessMemory or WriteProcessMemory request was completed. (0x12B)
[0714/142727.242:WARNING:pe_image_reader.cc(340)] could not read dos header from C:\WINDOWS\SYSTEM32\SSPICLI.DLL
[0714/142727.242:ERROR:process_memory_win.cc(73)] ReadMemory at 0x7ff893960000 of 64 bytes failed: Only part of a ReadProcessMemory or WriteProcessMemory request was completed. (0x12B)
[0714/142727.242:WARNING:pe_image_reader.cc(340)] could not read dos header from C:\WINDOWS\System32\MSASN1.dll
[0714/142727.242:ERROR:process_memory_win.cc(73)] ReadMemory at 0x7ff894600000 of 64 bytes failed: Only part of a ReadProcessMemory or WriteProcessMemory request was completed. (0x12B)
[0714/142727.242:WARNING:pe_image_reader.cc(340)] could not read dos header from C:\WINDOWS\System32\bcryptPrimitives.dll
[0714/142727.242:ERROR:process_memory_win.cc(73)] ReadMemory at 0x7ff893680000 of 64 bytes failed: Only part of a ReadProcessMemory or WriteProcessMemory request was completed. (0x12B)
[0714/142727.242:WARNING:pe_image_reader.cc(340)] could not read dos header from C:\WINDOWS\SYSTEM32\CRYPTBASE.DLL
[0714/142727.243:ERROR:process_memory_win.cc(73)] ReadMemory at 0x7ff893ca0000 of 64 bytes failed: Only part of a ReadProcessMemory or WriteProcessMemory request was completed. (0x12B)
[0714/142727.243:WARNING:pe_image_reader.cc(340)] could not read dos header from C:\WINDOWS\System32\profapi.dll
[0714/142727.243:ERROR:process_memory_win.cc(73)] ReadMemory at 0x7ff62f720000 of 64 bytes failed: Only part of a ReadProcessMemory or WriteProcessMemory request was completed. (0x12B)
[0714/142727.243:WARNING:pe_image_reader.cc(340)] could not read dos header from C:\Program Files (x86)\Microsoft\Edge\Application\msedge.exe
[0714/142727.243:ERROR:process_memory_win.cc(73)] ReadMemory at 0x7ff896610000 of 64 bytes failed: Only part of a ReadProcessMemory or WriteProcessMemory request was completed. (0x12B)
[0714/142727.243:WARNING:pe_image_reader.cc(340)] could not read dos header from C:\WINDOWS\SYSTEM32\ntdll.dll
[0714/142727.243:ERROR:process_memory_win.cc(73)] ReadMemory at 0x7ff894850000 of 64 bytes failed: Only part of a ReadProcessMemory or WriteProcessMemory request was completed. (0x12B)
[0714/142727.243:WARNING:pe_image_reader.cc(340)] could not read dos header from C:\WINDOWS\System32\KERNEL32.DLL
[0714/142727.243:ERROR:process_memory_win.cc(73)] ReadMemory at 0x7ff893fa0000 of 64 bytes failed: Only part of a ReadProcessMemory or WriteProcessMemory request was completed. (0x12B)
[0714/142727.243:WARNING:pe_image_reader.cc(340)] could not read dos header from C:\WINDOWS\System32\KERNELBASE.dll
[0714/142727.243:ERROR:process_memory_win.cc(73)] ReadMemory at 0x7ff86ce60000 of 64 bytes failed: Only part of a ReadProcessMemory or WriteProcessMemory request was completed. (0x12B)
[0714/142727.243:WARNING:pe_image_reader.cc(340)] could not read dos header from C:\Program Files (x86)\Microsoft\Edge\Application\83.0.478.61\msedge_elf.dll
[0714/142727.243:ERROR:process_memory_win.cc(73)] ReadMemory at 0x7ff894920000 of 64 bytes failed: Only part of a ReadProcessMemory or WriteProcessMemory request was completed. (0x12B)
[0714/142727.243:WARNING:pe_image_reader.cc(340)] could not read dos header from C:\WINDOWS\System32\ADVAPI32.dll
[0714/142727.243:ERROR:process_memory_win.cc(73)] ReadMemory at 0x7ff894a70000 of 64 bytes failed: Only part of a ReadProcessMemory or WriteProcessMemory request was completed. (0x12B)
[0714/142727.243:WARNING:pe_image_reader.cc(340)] could not read dos header from C:\WINDOWS\System32\msvcrt.dll
[0714/142727.243:ERROR:process_memory_win.cc(73)] ReadMemory at 0x7ff8946e0000 of 64 bytes failed: Only part of a ReadProcessMemory or WriteProcessMemory request was completed. (0x12B)
[0714/142727.243:WARNING:pe_image_reader.cc(340)] could not read dos header from C:\WINDOWS\System32\sechost.dll
[0714/142727.243:ERROR:process_memory_win.cc(73)] ReadMemory at 0x7ff895660000 of 64 bytes failed: Only part of a ReadProcessMemory or WriteProcessMemory request was completed. (0x12B)
[0714/142727.243:WARNING:pe_image_reader.cc(340)] could not read dos header from C:\WINDOWS\System32\RPCRT4.dll
[0714/142727.243:ERROR:process_memory_win.cc(73)] ReadMemory at 0x7ff819df0000 of 64 bytes failed: Only part of a ReadProcessMemory or WriteProcessMemory request was completed. (0x12B)
[0714/142727.243:WARNING:pe_image_reader.cc(340)] could not read dos header from C:\Program Files (x86)\Microsoft\Edge\Application\83.0.478.61\msedge.dll
[0714/142727.243:ERROR:process_memory_win.cc(73)] ReadMemory at 0x7ff894b80000 of 64 bytes failed: Only part of a ReadProcessMemory or WriteProcessMemory request was completed. (0x12B)
[0714/142727.243:WARNING:pe_image_reader.cc(340)] could not read dos header from C:\WINDOWS\System32\WS2_32.dll
[0714/142727.243:ERROR:process_memory_win.cc(73)] ReadMemory at 0x7ff894780000 of 64 bytes failed: Only part of a ReadProcessMemory or WriteProcessMemory request was completed. (0x12B)
[0714/142727.244:WARNING:pe_image_reader.cc(340)] could not read dos header from C:\WINDOWS\System32\OLEAUT32.dll
[0714/142727.244:ERROR:process_memory_win.cc(73)] ReadMemory at 0x7ff894420000 of 64 bytes failed: Only part of a ReadProcessMemory or WriteProcessMemory request was completed. (0x12B)
[0714/142727.244:WARNING:pe_image_reader.cc(340)] could not read dos header from C:\WINDOWS\System32\msvcp_win.dll
[0714/142727.244:ERROR:process_memory_win.cc(73)] ReadMemory at 0x7ff893ea0000 of 64 bytes failed: Only part of a ReadProcessMemory or WriteProcessMemory request was completed. (0x12B)
[0714/142727.244:WARNING:pe_image_reader.cc(340)] could not read dos header from C:\WINDOWS\System32\ucrtbase.dll
[0714/142727.244:ERROR:process_memory_win.cc(73)] ReadMemory at 0x7ff8960f0000 of 64 bytes failed: Only part of a ReadProcessMemory or WriteProcessMemory request was completed. (0x12B)
[0714/142727.244:WARNING:pe_image_reader.cc(340)] could not read dos header from C:\WINDOWS\System32\combase.dll
[0714/142727.244:ERROR:process_memory_win.cc(73)] ReadMemory at 0x7ff893d60000 of 64 bytes failed: Only part of a ReadProcessMemory or WriteProcessMemory request was completed. (0x12B)
[0714/142727.244:WARNING:pe_image_reader.cc(340)] could not read dos header from C:\WINDOWS\System32\WINTRUST.dll
[0714/142727.244:ERROR:process_memory_win.cc(73)] ReadMemory at 0x7ff8942c0000 of 64 bytes failed: Only part of a ReadProcessMemory or WriteProcessMemory request was completed. (0x12B)
[0714/142727.244:WARNING:pe_image_reader.cc(340)] could not read dos header from C:\WINDOWS\System32\CRYPT32.dll
[0714/142727.244:ERROR:process_memory_win.cc(73)] ReadMemory at 0x7ff8931c0000 of 64 bytes failed: Only part of a ReadProcessMemory or WriteProcessMemory request was completed. (0x12B)
[0714/142727.244:WARNING:pe_image_reader.cc(340)] could not read dos header from C:\WINDOWS\SYSTEM32\IPHLPAPI.DLL
[0714/142727.244:ERROR:process_memory_win.cc(73)] ReadMemory at 0x7ff8816b0000 of 64 bytes failed: Only part of a ReadProcessMemory or WriteProcessMemory request was completed. (0x12B)
[0714/142727.244:WARNING:pe_image_reader.cc(340)] could not read dos header from C:\WINDOWS\SYSTEM32\WINMM.dll
[0714/142727.244:ERROR:process_memory_win.cc(73)] ReadMemory at 0x7ff87cf60000 of 64 bytes failed: Only part of a ReadProcessMemory or WriteProcessMemory request was completed. (0x12B)
[0714/142727.244:WARNING:pe_image_reader.cc(340)] could not read dos header from C:\WINDOWS\SYSTEM32\Secur32.dll
[0714/142727.244:ERROR:process_memory_win.cc(73)] ReadMemory at 0x7ff893c60000 of 64 bytes failed: Only part of a ReadProcessMemory or WriteProcessMemory request was completed. (0x12B)
[0714/142727.244:WARNING:pe_image_reader.cc(340)] could not read dos header from C:\WINDOWS\SYSTEM32\USERENV.dll
[0714/142727.244:ERROR:process_memory_win.cc(73)] ReadMemory at 0x7ff87fa80000 of 64 bytes failed: Only part of a ReadProcessMemory or WriteProcessMemory request was completed. (0x12B)
[0714/142727.244:WARNING:pe_image_reader.cc(340)] could not read dos header from C:\WINDOWS\SYSTEM32\UIAutomationCore.DLL
[0714/142727.244:ERROR:process_memory_win.cc(73)] ReadMemory at 0x7ff88adb0000 of 64 bytes failed: Only part of a ReadProcessMemory or WriteProcessMemory request was completed. (0x12B)
[0714/142727.244:WARNING:pe_image_reader.cc(340)] could not read dos header from C:\WINDOWS\SYSTEM32\WINHTTP.dll
[0714/142727.244:ERROR:process_memory_win.cc(73)] ReadMemory at 0x7ff882b70000 of 64 bytes failed: Only part of a ReadProcessMemory or WriteProcessMemory request was completed. (0x12B)
[0714/142727.244:WARNING:pe_image_reader.cc(340)] could not read dos header from C:\WINDOWS\SYSTEM32\DWrite.dll
[0714/142727.244:ERROR:process_memory_win.cc(73)] ReadMemory at 0x7ff85bb50000 of 64 bytes failed: Only part of a ReadProcessMemory or WriteProcessMemory request was completed. (0x12B)
[0714/142727.244:WARNING:pe_image_reader.cc(340)] could not read dos header from C:\WINDOWS\SYSTEM32\WINSPOOL.DRV
[0714/142727.244:ERROR:process_memory_win.cc(73)] ReadMemory at 0x7ff879030000 of 64 bytes failed: Only part of a ReadProcessMemory or WriteProcessMemory request was completed. (0x12B)
[0714/142727.245:WARNING:pe_image_reader.cc(340)] could not read dos header from C:\WINDOWS\SYSTEM32\dbghelp.dll
[0714/142727.245:ERROR:process_memory_win.cc(73)] ReadMemory at 0x7ff88c770000 of 64 bytes failed: Only part of a ReadProcessMemory or WriteProcessMemory request was completed. (0x12B)
[0714/142727.245:WARNING:pe_image_reader.cc(340)] could not read dos header from C:\WINDOWS\SYSTEM32\dhcpcsvc.DLL
[0714/142727.245:ERROR:process_memory_win.cc(73)] ReadMemory at 0x7ff88f9a0000 of 64 bytes failed: Only part of a ReadProcessMemory or WriteProcessMemory request was completed. (0x12B)
[0714/142727.245:WARNING:pe_image_reader.cc(340)] could not read dos header from C:\WINDOWS\SYSTEM32\PROPSYS.dll
[0714/142727.245:ERROR:process_memory_win.cc(73)] ReadMemory at 0x7ff893c20000 of 64 bytes failed: Only part of a ReadProcessMemory or WriteProcessMemory request was completed. (0x12B)
[0714/142727.245:WARNING:pe_image_reader.cc(340)] could not read dos header from C:\WINDOWS\SYSTEM32\SSPICLI.DLL
[0714/142727.245:ERROR:process_memory_win.cc(73)] ReadMemory at 0x7ff893960000 of 64 bytes failed: Only part of a ReadProcessMemory or WriteProcessMemory request was completed. (0x12B)
[0714/142727.245:WARNING:pe_image_reader.cc(340)] could not read dos header from C:\WINDOWS\System32\MSASN1.dll
[0714/142727.245:ERROR:process_memory_win.cc(73)] ReadMemory at 0x7ff894600000 of 64 bytes failed: Only part of a ReadProcessMemory or WriteProcessMemory request was completed. (0x12B)
[0714/142727.245:WARNING:pe_image_reader.cc(340)] could not read dos header from C:\WINDOWS\System32\bcryptPrimitives.dll
[0714/142727.245:ERROR:process_memory_win.cc(73)] ReadMemory at 0x7ff893680000 of 64 bytes failed: Only part of a ReadProcessMemory or WriteProcessMemory request was completed. (0x12B)
[0714/142727.245:WARNING:pe_image_reader.cc(340)] could not read dos header from C:\WINDOWS\SYSTEM32\CRYPTBASE.DLL
[0714/142727.245:ERROR:process_memory_win.cc(73)] ReadMemory at 0x7ff893ca0000 of 64 bytes failed: Only part of a ReadProcessMemory or WriteProcessMemory request was completed. (0x12B)
[0714/142727.245:WARNING:pe_image_reader.cc(340)] could not read dos header from C:\WINDOWS\System32\profapi.dll
[0714/142727.254:ERROR:process_memory_win.cc(73)] ReadMemory at 0xdc777ee000 of 73728 bytes failed: Only part of a ReadProcessMemory or WriteProcessMemory request was completed. (0x12B)
[0714/142727.255:ERROR:process_memory_win.cc(73)] ReadMemory at 0xdc77fff000 of 4096 bytes failed: Only part of a ReadProcessMemory or WriteProcessMemory request was completed. (0x12B)
[0714/142727.255:ERROR:process_memory_win.cc(73)] ReadMemory at 0xdc787fd000 of 12288 bytes failed: Only part of a ReadProcessMemory or WriteProcessMemory request was completed. (0x12B)
[0714/142727.255:ERROR:process_memory_win.cc(73)] ReadMemory at 0xdc78ffd000 of 12288 bytes failed: Only part of a ReadProcessMemory or WriteProcessMemory request was completed. (0x12B)
[0714/142727.255:ERROR:process_memory_win.cc(73)] ReadMemory at 0xdc797fc000 of 16384 bytes failed: Only part of a ReadProcessMemory or WriteProcessMemory request was completed. (0x12B)
[0714/142727.255:ERROR:process_memory_win.cc(73)] ReadMemory at 0xdc79ffc000 of 16384 bytes failed: Only part of a ReadProcessMemory or WriteProcessMemory request was completed. (0x12B)
[0714/142727.255:ERROR:process_memory_win.cc(73)] ReadMemory at 0xdc7a7fd000 of 12288 bytes failed: Only part of a ReadProcessMemory or WriteProcessMemory request was completed. (0x12B)
[0714/142727.255:ERROR:process_memory_win.cc(73)] ReadMemory at 0xdc7affb000 of 20480 bytes failed: Only part of a ReadProcessMemory or WriteProcessMemory request was completed. (0x12B)
[0714/142727.255:ERROR:process_memory_win.cc(73)] ReadMemory at 0xdc7b7fd000 of 12288 bytes failed: Only part of a ReadProcessMemory or WriteProcessMemory request was completed. (0x12B)
[0714/142727.256:ERROR:process_memory_win.cc(73)] ReadMemory at 0xdc7bff6000 of 40960 bytes failed: Only part of a ReadProcessMemory or WriteProcessMemory request was completed. (0x12B)
[0714/142727.256:ERROR:process_memory_win.cc(73)] ReadMemory at 0xdc7c7f5000 of 45056 bytes failed: Only part of a ReadProcessMemory or WriteProcessMemory request was completed. (0x12B)
[0714/142727.256:ERROR:process_memory_win.cc(73)] ReadMemory at 0xdc7cffd000 of 12288 bytes failed: Only part of a ReadProcessMemory or WriteProcessMemory request was completed. (0x12B)
[0714/142727.256:ERROR:process_memory_win.cc(73)] ReadMemory at 0xdc7d7fd000 of 12288 bytes failed: Only part of a ReadProcessMemory or WriteProcessMemory request was completed. (0x12B)
[0714/142727.256:ERROR:process_memory_win.cc(73)] ReadMemory at 0xdc7dffd000 of 12288 bytes failed: Only part of a ReadProcessMemory or WriteProcessMemory request was completed. (0x12B)
[0714/142727.256:ERROR:process_memory_win.cc(73)] ReadMemory at 0xdc7e7fc000 of 16384 bytes failed: Only part of a ReadProcessMemory or WriteProcessMemory request was completed. (0x12B)
[0714/142727.256:ERROR:process_memory_win.cc(73)] ReadMemory at 0xdc7effd000 of 12288 bytes failed: Only part of a ReadProcessMemory or WriteProcessMemory request was completed. (0x12B)
[0714/142727.256:ERROR:process_memory_win.cc(73)] ReadMemory at 0xdc76e82000 of 852 bytes failed: Only part of a ReadProcessMemory or WriteProcessMemory request was completed. (0x12B)
[0714/142727.257:ERROR:process_memory_win.cc(73)] ReadMemory at 0xdc76e83000 of 6024 bytes failed: Only part of a ReadProcessMemory or WriteProcessMemory request was completed. (0x12B)
[0714/142727.257:ERROR:process_memory_win.cc(73)] ReadMemory at 0xdc76e85000 of 6024 bytes failed: Only part of a ReadProcessMemory or WriteProcessMemory request was completed. (0x12B)
[0714/142727.257:ERROR:process_memory_win.cc(73)] ReadMemory at 0xdc76e87000 of 6024 bytes failed: Only part of a ReadProcessMemory or WriteProcessMemory request was completed. (0x12B)
[0714/142727.257:ERROR:process_memory_win.cc(73)] ReadMemory at 0xdc76e89000 of 6024 bytes failed: Only part of a ReadProcessMemory or WriteProcessMemory request was completed. (0x12B)
[0714/142727.257:ERROR:process_memory_win.cc(73)] ReadMemory at 0xdc76e8b000 of 6024 bytes failed: Only part of a ReadProcessMemory or WriteProcessMemory request was completed. (0x12B)
[0714/142727.257:ERROR:process_memory_win.cc(73)] ReadMemory at 0xdc76e8d000 of 6024 bytes failed: Only part of a ReadProcessMemory or WriteProcessMemory request was completed. (0x12B)
[0714/142727.258:ERROR:process_memory_win.cc(73)] ReadMemory at 0xdc76e8f000 of 6024 bytes failed: Only part of a ReadProcessMemory or WriteProcessMemory request was completed. (0x12B)
[0714/142727.258:ERROR:process_memory_win.cc(73)] ReadMemory at 0xdc76e91000 of 6024 bytes failed: Only part of a ReadProcessMemory or WriteProcessMemory request was completed. (0x12B)
[0714/142727.258:ERROR:process_memory_win.cc(73)] ReadMemory at 0xdc76e93000 of 6024 bytes failed: Only part of a ReadProcessMemory or WriteProcessMemory request was completed. (0x12B)
[0714/142727.258:ERROR:process_memory_win.cc(73)] ReadMemory at 0xdc76e95000 of 6024 bytes failed: Only part of a ReadProcessMemory or WriteProcessMemory request was completed. (0x12B)
[0714/142727.258:ERROR:process_memory_win.cc(73)] ReadMemory at 0xdc76e97000 of 6024 bytes failed: Only part of a ReadProcessMemory or WriteProcessMemory request was completed. (0x12B)
[0714/142727.258:ERROR:process_memory_win.cc(73)] ReadMemory at 0xdc76e99000 of 6024 bytes failed: Only part of a ReadProcessMemory or WriteProcessMemory request was completed. (0x12B)
[0714/142727.258:ERROR:process_memory_win.cc(73)] ReadMemory at 0xdc76e9b000 of 6024 bytes failed: Only part of a ReadProcessMemory or WriteProcessMemory request was completed. (0x12B)
[0714/142727.258:ERROR:process_memory_win.cc(73)] ReadMemory at 0xdc76e9d000 of 6024 bytes failed: Only part of a ReadProcessMemory or WriteProcessMemory request was completed. (0x12B)
[0714/142727.258:ERROR:process_memory_win.cc(73)] ReadMemory at 0xdc76e9f000 of 6024 bytes failed: Only part of a ReadProcessMemory or WriteProcessMemory request was completed. (0x12B)
[0714/142727.258:ERROR:process_memory_win.cc(73)] ReadMemory at 0xdc76ea1000 of 6024 bytes failed: Only part of a ReadProcessMemory or WriteProcessMemory request was completed. (0x12B)
[0714/142727.259:ERROR:process_memory_win.cc(73)] ReadMemory at 0x1e9a72e02c0 of 40 bytes failed: Only part of a ReadProcessMemory or WriteProcessMemory request was completed. (0x12B)
[0714/142727.259:ERROR:process_memory_win.cc(73)] ReadMemory at 0x1e9a73802c0 of 40 bytes failed: Only part of a ReadProcessMemory or WriteProcessMemory request was completed. (0x12B)
[0714/142727.259:ERROR:process_memory_win.cc(73)] ReadMemory at 0x1e9a74027f0 of 14964 bytes failed: Only part of a ReadProcessMemory or WriteProcessMemory request was completed. (0x12B)
[0714/142727.259:ERROR:process_memory_win.cc(73)] ReadMemory at 0x1e9a7406280 of 1012 bytes failed: Only part of a ReadProcessMemory or WriteProcessMemory request was completed. (0x12B)
[0714/142727.259:ERROR:process_memory_win.cc(73)] ReadMemory at 0x1e9a74068c8 of 120 bytes failed: Only part of a ReadProcessMemory or WriteProcessMemory request was completed. (0x12B)
[0714/142727.259:ERROR:process_memory_win.cc(73)] ReadMemory at 0x1e9a7406942 of 836 bytes failed: Only part of a ReadProcessMemory or WriteProcessMemory request was completed. (0x12B)
[0714/142727.259:ERROR:process_memory_win.cc(73)] ReadMemory at 0x1e9a7406c88 of 120 bytes failed: Only part of a ReadProcessMemory or WriteProcessMemory request was completed. (0x12B)
[0714/142727.259:ERROR:process_memory_win.cc(73)] ReadMemory at 0x1e9a7406d02 of 96 bytes failed: Only part of a ReadProcessMemory or WriteProcessMemory request was completed. (0x12B)
[0714/142727.260:ERROR:process_memory_win.cc(73)] ReadMemory at 0x1e9a7406d80 of 58 bytes failed: Only part of a ReadProcessMemory or WriteProcessMemory request was completed. (0x12B)
[0714/142727.260:ERROR:process_memory_win.cc(73)] ReadMemory at 0x1e9a7406e90 of 132 bytes failed: Only part of a ReadProcessMemory or WriteProcessMemory request was completed. (0x12B)
[0714/142727.260:ERROR:process_memory_win.cc(73)] ReadMemory at 0x1e9a7407020 of 132 bytes failed: Only part of a ReadProcessMemory or WriteProcessMemory request was completed. (0x12B)
[0714/142727.260:ERROR:process_memory_win.cc(73)] ReadMemory at 0x1e9a7407130 of 512 bytes failed: Only part of a ReadProcessMemory or WriteProcessMemory request was completed. (0x12B)
[0714/142727.260:ERROR:process_memory_win.cc(73)] ReadMemory at 0x1e9a7407600 of 132 bytes failed: Only part of a ReadProcessMemory or WriteProcessMemory request was completed. (0x12B)
[0714/142727.261:ERROR:process_memory_win.cc(73)] ReadMemory at 0x1e9a7407790 of 64 bytes failed: Only part of a ReadProcessMemory or WriteProcessMemory request was completed. (0x12B)
[0714/142727.261:ERROR:process_memory_win.cc(73)] ReadMemory at 0x1e9a7407960 of 132 bytes failed: Only part of a ReadProcessMemory or WriteProcessMemory request was completed. (0x12B)
[0714/142727.261:ERROR:process_memory_win.cc(73)] ReadMemory at 0x1e9a7407c20 of 132 bytes failed: Only part of a ReadProcessMemory or WriteProcessMemory request was completed. (0x12B)
[0714/142727.261:ERROR:process_memory_win.cc(73)] ReadMemory at 0x1e9a7407db0 of 68 bytes failed: Only part of a ReadProcessMemory or WriteProcessMemory request was completed. (0x12B)
[0714/142727.261:ERROR:process_memory_win.cc(73)] ReadMemory at 0x1e9a7408e00 of 152 bytes failed: Only part of a ReadProcessMemory or WriteProcessMemory request was completed. (0x12B)
[0714/142727.261:ERROR:process_memory_win.cc(73)] ReadMemory at 0x1e9a7409981 of 512 bytes failed: Only part of a ReadProcessMemory or WriteProcessMemory request was completed. (0x12B)
[0714/142727.261:ERROR:process_memory_win.cc(73)] ReadMemory at 0x1e9a740a9a0 of 80 bytes failed: Only part of a ReadProcessMemory or WriteProcessMemory request was completed. (0x12B)
[0714/142727.261:ERROR:process_memory_win.cc(73)] ReadMemory at 0x1e9a740aa20 of 132 bytes failed: Only part of a ReadProcessMemory or WriteProcessMemory request was completed. (0x12B)
[0714/142727.262:ERROR:process_memory_win.cc(73)] ReadMemory at 0x1e9a740b480 of 132 bytes failed: Only part of a ReadProcessMemory or WriteProcessMemory request was completed. (0x12B)
[0714/142727.262:ERROR:process_memory_win.cc(73)] ReadMemory at 0x1e9a740b5b0 of 132 bytes failed: Only part of a ReadProcessMemory or WriteProcessMemory request was completed. (0x12B)
[0714/142727.262:ERROR:process_memory_win.cc(73)] ReadMemory at 0x1e9a740b7d0 of 132 bytes failed: Only part of a ReadProcessMemory or WriteProcessMemory request was completed. (0x12B)
[0714/142727.262:ERROR:process_memory_win.cc(73)] ReadMemory at 0x1e9a740bc10 of 132 bytes failed: Only part of a ReadProcessMemory or WriteProcessMemory request was completed. (0x12B)
[0714/142727.262:ERROR:process_memory_win.cc(73)] ReadMemory at 0x1e9a740bf50 of 132 bytes failed: Only part of a ReadProcessMemory or WriteProcessMemory request was completed. (0x12B)
[0714/142727.262:ERROR:process_memory_win.cc(73)] ReadMemory at 0x1e9a740c170 of 132 bytes failed: Only part of a ReadProcessMemory or WriteProcessMemory request was completed. (0x12B)
[0714/142727.263:ERROR:process_memory_win.cc(73)] ReadMemory at 0x1e9a740c2d0 of 124 bytes failed: Only part of a ReadProcessMemory or WriteProcessMemory request was completed. (0x12B)
[0714/142727.263:ERROR:process_memory_win.cc(73)] ReadMemory at 0x1e9a740f570 of 512 bytes failed: Only part of a ReadProcessMemory or WriteProcessMemory request was completed. (0x12B)
[0714/142727.263:ERROR:process_memory_win.cc(73)] ReadMemory at 0x1e9a74111c0 of 132 bytes failed: Only part of a ReadProcessMemory or WriteProcessMemory request was completed. (0x12B)
[0714/142727.263:ERROR:process_memory_win.cc(73)] ReadMemory at 0x1e9a74112f0 of 132 bytes failed: Only part of a ReadProcessMemory or WriteProcessMemory request was completed. (0x12B)
[0714/142727.263:ERROR:process_memory_win.cc(73)] ReadMemory at 0x1e9a7411c00 of 132 bytes failed: Only part of a ReadProcessMemory or WriteProcessMemory request was completed. (0x12B)
[0714/142727.263:ERROR:process_memory_win.cc(73)] ReadMemory at 0x1e9a7411d30 of 144 bytes failed: Only part of a ReadProcessMemory or WriteProcessMemory request was completed. (0x12B)
[0714/142727.263:ERROR:process_memory_win.cc(73)] ReadMemory at 0x1e9a7411e00 of 132 bytes failed: Only part of a ReadProcessMemory or WriteProcessMemory request was completed. (0x12B)
[0714/142727.263:ERROR:process_memory_win.cc(73)] ReadMemory at 0x1e9a7414350 of 62 bytes failed: Only part of a ReadProcessMemory or WriteProcessMemory request was completed. (0x12B)
[0714/142727.264:ERROR:process_memory_win.cc(73)] ReadMemory at 0x1e9a7414510 of 60 bytes failed: Only part of a ReadProcessMemory or WriteProcessMemory request was completed. (0x12B)
[0714/142727.264:ERROR:process_memory_win.cc(73)] ReadMemory at 0x1e9a74146d0 of 60 bytes failed: Only part of a ReadProcessMemory or WriteProcessMemory request was completed. (0x12B)
[0714/142727.264:ERROR:process_memory_win.cc(73)] ReadMemory at 0x1e9a7417110 of 62 bytes failed: Only part of a ReadProcessMemory or WriteProcessMemory request was completed. (0x12B)
[0714/142727.264:ERROR:process_memory_win.cc(73)] ReadMemory at 0x1e9a7417210 of 62 bytes failed: Only part of a ReadProcessMemory or WriteProcessMemory request was completed. (0x12B)
[0714/142727.264:ERROR:process_memory_win.cc(73)] ReadMemory at 0x1e9a7417250 of 62 bytes failed: Only part of a ReadProcessMemory or WriteProcessMemory request was completed. (0x12B)
[0714/142727.264:ERROR:process_memory_win.cc(73)] ReadMemory at 0x1e9a7417350 of 62 bytes failed: Only part of a ReadProcessMemory or WriteProcessMemory request was completed. (0x12B)
[0714/142727.264:ERROR:process_memory_win.cc(73)] ReadMemory at 0x1e9a7417390 of 60 bytes failed: Only part of a ReadProcessMemory or WriteProcessMemory request was completed. (0x12B)
[0714/142727.264:ERROR:process_memory_win.cc(73)] ReadMemory at 0x1e9a74173d0 of 62 bytes failed: Only part of a ReadProcessMemory or WriteProcessMemory request was completed. (0x12B)
[0714/142727.264:ERROR:process_memory_win.cc(73)] ReadMemory at 0x1e9a7417450 of 62 bytes failed: Only part of a ReadProcessMemory or WriteProcessMemory request was completed. (0x12B)
[0714/142727.264:ERROR:process_memory_win.cc(73)] ReadMemory at 0x1e9a7417610 of 58 bytes failed: Only part of a ReadProcessMemory or WriteProcessMemory request was completed. (0x12B)
[0714/142727.264:ERROR:process_memory_win.cc(73)] ReadMemory at 0x1e9a7417650 of 60 bytes failed: Only part of a ReadProcessMemory or WriteProcessMemory request was completed. (0x12B)
[0714/142727.264:ERROR:process_memory_win.cc(73)] ReadMemory at 0x1e9a74176d0 of 62 bytes failed: Only part of a ReadProcessMemory or WriteProcessMemory request was completed. (0x12B)
[0714/142727.265:ERROR:process_memory_win.cc(73)] ReadMemory at 0x1e9a7417710 of 62 bytes failed: Only part of a ReadProcessMemory or WriteProcessMemory request was completed. (0x12B)
[0714/142727.265:ERROR:process_memory_win.cc(73)] ReadMemory at 0x1e9a7417c50 of 60 bytes failed: Only part of a ReadProcessMemory or WriteProcessMemory request was completed. (0x12B)
[0714/142727.265:ERROR:process_memory_win.cc(73)] ReadMemory at 0x1e9a7418040 of 132 bytes failed: Only part of a ReadProcessMemory or WriteProcessMemory request was completed. (0x12B)
[0714/142727.265:ERROR:process_memory_win.cc(73)] ReadMemory at 0x1e9a7418160 of 132 bytes failed: Only part of a ReadProcessMemory or WriteProcessMemory request was completed. (0x12B)
[0714/142727.265:ERROR:process_memory_win.cc(73)] ReadMemory at 0x1e9a7418280 of 132 bytes failed: Only part of a ReadProcessMemory or WriteProcessMemory request was completed. (0x12B)
[0714/142727.265:ERROR:process_memory_win.cc(73)] ReadMemory at 0x1e9a74183a0 of 132 bytes failed: Only part of a ReadProcessMemory or WriteProcessMemory request was completed. (0x12B)
[0714/142727.265:ERROR:process_memory_win.cc(73)] ReadMemory at 0x1e9a74184c0 of 132 bytes failed: Only part of a ReadProcessMemory or WriteProcessMemory request was completed. (0x12B)
[0714/142727.265:ERROR:process_memory_win.cc(73)] ReadMemory at 0x1e9a74185e0 of 132 bytes failed: Only part of a ReadProcessMemory or WriteProcessMemory request was completed. (0x12B)
[0714/142727.265:ERROR:process_memory_win.cc(73)] ReadMemory at 0x1e9a7418820 of 132 bytes failed: Only part of a ReadProcessMemory or WriteProcessMemory request was completed. (0x12B)
[0714/142727.265:ERROR:process_memory_win.cc(73)] ReadMemory at 0x1e9a7418940 of 132 bytes failed: Only part of a ReadProcessMemory or WriteProcessMemory request was completed. (0x12B)
[0714/142727.265:ERROR:process_memory_win.cc(73)] ReadMemory at 0x1e9a7418a60 of 132 bytes failed: Only part of a ReadProcessMemory or WriteProcessMemory request was completed. (0x12B)
[0714/142727.265:ERROR:process_memory_win.cc(73)] ReadMemory at 0x1e9a7418b80 of 132 bytes failed: Only part of a ReadProcessMemory or WriteProcessMemory request was completed. (0x12B)
[0714/142727.266:ERROR:process_memory_win.cc(73)] ReadMemory at 0x1e9a7418ca0 of 132 bytes failed: Only part of a ReadProcessMemory or WriteProcessMemory request was completed. (0x12B)
[0714/142727.266:ERROR:process_memory_win.cc(73)] ReadMemory at 0x1e9a7418dc0 of 132 bytes failed: Only part of a ReadProcessMemory or WriteProcessMemory request was completed. (0x12B)
[0714/142727.266:ERROR:process_memory_win.cc(73)] ReadMemory at 0x1e9a7418ee0 of 132 bytes failed: Only part of a ReadProcessMemory or WriteProcessMemory request was completed. (0x12B)
[0714/142727.266:ERROR:process_memory_win.cc(73)] ReadMemory at 0x1e9a7419060 of 40 bytes failed: Only part of a ReadProcessMemory or WriteProcessMemory request was completed. (0x12B)
[0714/142727.266:ERROR:process_memory_win.cc(73)] ReadMemory at 0x1e9a741b870 of 66 bytes failed: Only part of a ReadProcessMemory or WriteProcessMemory request was completed. (0x12B)
[0714/142727.266:ERROR:process_memory_win.cc(73)] ReadMemory at 0x1e9a741f040 of 132 bytes failed: Only part of a ReadProcessMemory or WriteProcessMemory request was completed. (0x12B)
[0714/142727.266:ERROR:process_memory_win.cc(73)] ReadMemory at 0x1e9a741f5e0 of 132 bytes failed: Only part of a ReadProcessMemory or WriteProcessMemory request was completed. (0x12B)
[0714/142727.266:ERROR:process_memory_win.cc(73)] ReadMemory at 0x1e9a7420000 of 132 bytes failed: Only part of a ReadProcessMemory or WriteProcessMemory request was completed. (0x12B)
[0714/142727.266:ERROR:process_memory_win.cc(73)] ReadMemory at 0x1e9a7427140 of 64 bytes failed: Only part of a ReadProcessMemory or WriteProcessMemory request was completed. (0x12B)
[0714/142727.266:ERROR:process_memory_win.cc(73)] ReadMemory at 0x1e9a74271e0 of 64 bytes failed: Only part of a ReadProcessMemory or WriteProcessMemory request was completed. (0x12B)
[0714/142727.266:ERROR:process_memory_win.cc(73)] ReadMemory at 0x1e9a7427230 of 64 bytes failed: Only part of a ReadProcessMemory or WriteProcessMemory request was completed. (0x12B)
[0714/142727.266:ERROR:process_memory_win.cc(73)] ReadMemory at 0x1e9a7427730 of 64 bytes failed: Only part of a ReadProcessMemory or WriteProcessMemory request was completed. (0x12B)
[0714/142727.267:ERROR:process_memory_win.cc(73)] ReadMemory at 0x1e9a7427870 of 66 bytes failed: Only part of a ReadProcessMemory or WriteProcessMemory request was completed. (0x12B)
[0714/142727.267:ERROR:process_memory_win.cc(73)] ReadMemory at 0x1e9a7427af0 of 64 bytes failed: Only part of a ReadProcessMemory or WriteProcessMemory request was completed. (0x12B)
[0714/142727.267:ERROR:process_memory_win.cc(73)] ReadMemory at 0x1e9a7427c30 of 64 bytes failed: Only part of a ReadProcessMemory or WriteProcessMemory request was completed. (0x12B)
[0714/142727.267:ERROR:process_memory_win.cc(73)] ReadMemory at 0x1e9a7427c80 of 64 bytes failed: Only part of a ReadProcessMemory or WriteProcessMemory request was completed. (0x12B)
[0714/142727.267:ERROR:process_memory_win.cc(73)] ReadMemory at 0x1e9a742f780 of 80 bytes failed: Only part of a ReadProcessMemory or WriteProcessMemory request was completed. (0x12B)
[0714/142727.267:ERROR:process_memory_win.cc(73)] ReadMemory at 0x1e9a76f0210 of 512 bytes failed: Only part of a ReadProcessMemory or WriteProcessMemory request was completed. (0x12B)
[0714/142727.267:ERROR:process_memory_win.cc(73)] ReadMemory at 0x1e9a7f3dc70 of 712 bytes failed: Only part of a ReadProcessMemory or WriteProcessMemory request was completed. (0x12B)
[0714/142727.267:ERROR:process_memory_win.cc(73)] ReadMemory at 0x1e9a7f51ce8 of 512 bytes failed: Only part of a ReadProcessMemory or WriteProcessMemory request was completed. (0x12B)
[0714/142727.267:ERROR:process_memory_win.cc(73)] ReadMemory at 0x1e9a7f577a0 of 512 bytes failed: Only part of a ReadProcessMemory or WriteProcessMemory request was completed. (0x12B)
[0714/142727.267:ERROR:process_memory_win.cc(73)] ReadMemory at 0x1e9a98d5ab0 of 512 bytes failed: Only part of a ReadProcessMemory or WriteProcessMemory request was completed. (0x12B)
[0714/142727.267:ERROR:process_memory_win.cc(73)] ReadMemory at 0x1e9a98e7300 of 512 bytes failed: Only part of a ReadProcessMemory or WriteProcessMemory request was completed. (0x12B)
[0714/142727.268:ERROR:process_memory_win.cc(73)] ReadMemory at 0x1e9a98f6fc0 of 512 bytes failed: Only part of a ReadProcessMemory or WriteProcessMemory request was completed. (0x12B)
[0714/142727.268:ERROR:process_memory_win.cc(73)] ReadMemory at 0x1e9a9a2c0a0 of 512 bytes failed: Only part of a ReadProcessMemory or WriteProcessMemory request was completed. (0x12B)
[0714/142727.268:ERROR:process_memory_win.cc(73)] ReadMemory at 0x1e9aa3012a0 of 512 bytes failed: Only part of a ReadProcessMemory or WriteProcessMemory request was completed. (0x12B)
[0714/142727.268:ERROR:process_memory_win.cc(73)] ReadMemory at 0x7ff819df0000 of 384 bytes failed: Only part of a ReadProcessMemory or WriteProcessMemory request was completed. (0x12B)
[0714/142727.268:ERROR:process_memory_win.cc(73)] ReadMemory at 0x7ff86cf42f40 of 40 bytes failed: Only part of a ReadProcessMemory or WriteProcessMemory request was completed. (0x12B)
[0714/142727.268:ERROR:process_memory_win.cc(73)] ReadMemory at 0x7ff893c4ad30 of 40 bytes failed: Only part of a ReadProcessMemory or WriteProcessMemory request was completed. (0x12B)
[0714/142727.268:ERROR:process_memory_win.cc(73)] ReadMemory at 0x7ff893fc3dc9 of 512 bytes failed: Only part of a ReadProcessMemory or WriteProcessMemory request was completed. (0x12B)
[0714/142727.268:ERROR:process_memory_win.cc(73)] ReadMemory at 0x7ff89422c738 of 512 bytes failed: Only part of a ReadProcessMemory or WriteProcessMemory request was completed. (0x12B)
[0714/142727.268:ERROR:process_memory_win.cc(73)] ReadMemory at 0x7ff894865cf0 of 512 bytes failed: Only part of a ReadProcessMemory or WriteProcessMemory request was completed. (0x12B)
[0714/142727.268:ERROR:process_memory_win.cc(73)] ReadMemory at 0x7ff894866f54 of 512 bytes failed: Only part of a ReadProcessMemory or WriteProcessMemory request was completed. (0x12B)
[0714/142727.268:ERROR:process_memory_win.cc(73)] ReadMemory at 0x7ff8966aad94 of 672 bytes failed: Only part of a ReadProcessMemory or WriteProcessMemory request was completed. (0x12B)
[0714/142727.268:ERROR:process_memory_win.cc(73)] ReadMemory at 0x7ff8966ab394 of 512 bytes failed: Only part of a ReadProcessMemory or WriteProcessMemory request was completed. (0x12B)
[0714/142727.269:ERROR:process_memory_win.cc(73)] ReadMemory at 0x7ff8966ae704 of 608 bytes failed: Only part of a ReadProcessMemory or WriteProcessMemory request was completed. (0x12B)
[0714/142727.269:ERROR:process_memory_win.cc(73)] ReadMemory at 0x7ff89673f650 of 18 bytes failed: Only part of a ReadProcessMemory or WriteProcessMemory request was completed. (0x12B)
[0714/142727.269:ERROR:process_memory_win.cc(73)] ReadMemory at 0x7ff8967734f8 of 40 bytes failed: Only part of a ReadProcessMemory or WriteProcessMemory request was completed. (0x12B)
[0714/142727.269:ERROR:process_memory_win.cc(73)] ReadMemory at 0x7ff896773560 of 48 bytes failed: Only part of a ReadProcessMemory or WriteProcessMemory request was completed. (0x12B)
[0714/142727.269:ERROR:process_memory_win.cc(73)] ReadMemory at 0x7ff896773978 of 48 bytes failed: Only part of a ReadProcessMemory or WriteProcessMemory request was completed. (0x12B)
[0714/142727.269:ERROR:process_memory_win.cc(73)] ReadMemory at 0x7ff896777ce0 of 40 bytes failed: Only part of a ReadProcessMemory or WriteProcessMemory request was completed. (0x12B)
[0714/142727.269:ERROR:process_memory_win.cc(73)] ReadMemory at 0x7ff896777e40 of 192 bytes failed: Only part of a ReadProcessMemory or WriteProcessMemory request was completed. (0x12B)
[0714/142727.269:ERROR:process_memory_win.cc(73)] ReadMemory at 0x7ff896777f30 of 48 bytes failed: Only part of a ReadProcessMemory or WriteProcessMemory request was completed. (0x12B)
[0714/142727.269:ERROR:process_memory_win.cc(73)] ReadMemory at 0x7ff8967794c0 of 64 bytes failed: Only part of a ReadProcessMemory or WriteProcessMemory request was completed. (0x12B)
[0714/142727.270:ERROR:scoped_process_suspend.cc(40)] NtResumeProcess: An attempt was made to access an exiting process. (0xc000010a)
